2016/11/21	00:00:22.986	act:	User clicks the Select Rcp button
2016/11/21	00:00:28.545	act:	User clicks the Unload or Load button
2016/11/21	00:00:30.832	act:	CN: Class_FilmCheckExecutor, MN: ClearAction
2016/11/21	00:00:30.833	act:	CN: Class_FilmCheckExecutor, MN: StoreAction
2016/11/21	00:00:34.800	act:	User clicks the alignment button
2016/11/21	00:00:34.801	act:	CN: Class_FilmCheckExecutor, MN: ClearAction
2016/11/21	00:00:34.806	act:	CN: Class_FilmCheckExecutor, MN: StoreAction
2016/11/21	00:01:47.001	act:	First find edge
2016/11/21	00:01:47.053	act:	Class_NotchWaferAlign::first edge position: 5.398800
2016/11/21	00:01:47.055	act:	Second find edge range: -1.601200 to 12.398800
2016/11/21	00:01:52.731	act:	Class_NotchWaferAlign::second edge position: 4.840200
2016/11/21	00:01:53.513	act:	Find notched 360 degree
2016/11/21	00:01:55.973	act:	Find notched 30 degree
2016/11/21	00:01:56.930	act:	Class_NotchWaferAlign::notched roate_ccw: 235.114852
2016/11/21	00:01:56.932	act:	Class_NotchWaferAlign::notched roate_cw: 231.114852
2016/11/21	00:02:00.668	act:	Class_NotchWaferAlign::notched first pos: 233.322042
2016/11/21	00:02:05.264	act:	Class_NotchWaferAlign::notched second pos: 232.041505
2016/11/21	00:02:05.265	act:	===================================END====================================================
2016/11/21	00:02:19.808	act:	User clicks the CAMERA button
2016/11/21	00:03:03.976	act:	User clicks the CAMERA button
2016/11/21	00:06:59.440	act:	User clicks the stage config button
2016/11/21	00:15:01.349	act:	CSTILDevice::Connect Start
2016/11/21	00:15:01.364	act:	InitChrLib
2016/11/21	00:15:01.418	act:	DLL CHR V3.6.2.921
2016/11/21	00:15:01.420	act:	Open Sensor (please wait)
2016/11/21	00:15:01.431	act:	Error : OpenSensor() : Sensor usb device list failed or no sensor present : 0x1
2016/11/21	00:15:01.432	act:	CSTILDevice::Connect End
2016/11/21	00:15:09.396	act:	CN: Class_FilmCheckExecutor, MN: ClearAction
2016/11/21	00:15:09.398	act:	CN: Class_FilmCheckExecutor, MN: StoreAction
2016/11/21	00:15:09.399	act:	CN: Class_FilmCheckExecutor, MN: StoreAction
2016/11/21	00:16:29.274	act:	User clicks the Select Rcp button
2016/11/21	00:16:55.069	act:	User clicks the stage config button
2016/11/21	00:17:05.146	act:	User clicks the CAMERA button
2016/11/21	00:17:20.128	act:	CN: Class_FilmCheckExecutor, MN: ClearAction
2016/11/21	00:17:20.131	act:	CN: Class_FilmCheckExecutor, MN: StoreAction
2016/11/21	00:17:50.376	act:	CN: Class_FilmCheckExecutor, MN: ClearAction
2016/11/21	00:17:50.378	act:	CN: Class_FilmCheckExecutor, MN: StoreAction
2016/11/21	00:21:45.323	act:	CSTILDevice::Connect Start
2016/11/21	00:21:45.339	act:	InitChrLib
2016/11/21	00:21:45.385	act:	DLL CHR V3.6.2.921
2016/11/21	00:21:45.386	act:	Open Sensor (please wait)
2016/11/21	00:21:45.392	act:	CSTILDevice::Connect End
2016/11/21	00:21:53.333	act:	CN: Class_FilmCheckExecutor, MN: ClearAction
2016/11/21	00:21:53.334	act:	CN: Class_FilmCheckExecutor, MN: StoreAction
2016/11/21	00:21:53.335	act:	CN: Class_FilmCheckExecutor, MN: StoreAction
2016/11/21	00:23:13.466	act:	User clicks the Select Rcp button
2016/11/21	00:23:36.064	act:	User clicks the Unload or Load button
2016/11/21	00:23:37.192	act:	CN: Class_FilmCheckExecutor, MN: ClearAction
2016/11/21	00:23:37.192	act:	CN: Class_FilmCheckExecutor, MN: StoreAction
2016/11/21	00:23:40.096	act:	User clicks the alignment button
2016/11/21	00:23:40.097	act:	CN: Class_FilmCheckExecutor, MN: ClearAction
2016/11/21	00:23:40.102	act:	CN: Class_FilmCheckExecutor, MN: StoreAction
2016/11/21	00:23:50.471	act:	First find edge
2016/11/21	00:23:50.522	act:	Class_NotchWaferAlign::first edge position: 5.725200
2016/11/21	00:23:50.522	act:	Second find edge range: -1.274800 to 12.725200
2016/11/21	00:23:56.071	act:	Class_NotchWaferAlign::second edge position: 4.826700
2016/11/21	00:23:56.852	act:	Find notched 360 degree
2016/11/21	00:23:59.313	act:	Find notched 30 degree
2016/11/21	00:24:01.051	act:	Class_NotchWaferAlign::notched roate_ccw: 235.043329
2016/11/21	00:24:01.052	act:	Class_NotchWaferAlign::notched roate_cw: 231.043329
2016/11/21	00:24:04.779	act:	Class_NotchWaferAlign::notched first pos: 233.463494
2016/11/21	00:24:09.371	act:	Class_NotchWaferAlign::notched second pos: 232.076638
2016/11/21	00:24:09.372	act:	===================================END====================================================
2016/11/21	00:24:19.984	act:	User clicks the Unload or Load button
2016/11/21	00:24:19.985	act:	CN: Class_FilmCheckExecutor, MN: ClearAction
2016/11/21	00:24:19.986	act:	CN: Class_FilmCheckExecutor, MN: StoreAction
2016/11/21	00:26:16.792	act:	User clicks the Select Rcp button
2016/11/21	00:26:27.304	act:	User clicks the Unload or Load button
2016/11/21	00:26:28.587	act:	CN: Class_FilmCheckExecutor, MN: ClearAction
2016/11/21	00:26:28.588	act:	CN: Class_FilmCheckExecutor, MN: StoreAction
2016/11/21	00:26:31.864	act:	User clicks the alignment button
2016/11/21	00:26:31.864	act:	CN: Class_FilmCheckExecutor, MN: ClearAction
2016/11/21	00:26:31.868	act:	CN: Class_FilmCheckExecutor, MN: StoreAction
2016/11/21	00:26:42.262	act:	First find edge
2016/11/21	00:26:42.313	act:	Class_NotchWaferAlign::first edge position: 30.082400
2016/11/21	00:26:42.316	act:	Second find edge range: 23.082400 to 37.082400
2016/11/21	00:26:47.862	act:	Class_NotchWaferAlign::second edge position: 29.481200
2016/11/21	00:26:48.692	act:	Find notched 360 degree
2016/11/21	00:26:50.302	act:	Find notched 30 degree
2016/11/21	00:26:51.542	act:	Class_NotchWaferAlign::notched roate_ccw: 158.893743
2016/11/21	00:26:51.542	act:	Class_NotchWaferAlign::notched roate_cw: 154.893743
2016/11/21	00:26:55.270	act:	Class_NotchWaferAlign::notched first pos: 157.079719
2016/11/21	00:26:59.863	act:	Class_NotchWaferAlign::notched second pos: 155.620920
2016/11/21	00:26:59.864	act:	===================================END====================================================
2016/11/21	00:27:15.624	act:	User clicks the alignment button
2016/11/21	00:27:15.625	act:	CN: Class_FilmCheckExecutor, MN: ClearAction
2016/11/21	00:27:15.630	act:	CN: Class_FilmCheckExecutor, MN: StoreAction
2016/11/21	00:27:18.061	act:	First find edge
2016/11/21	00:27:18.112	act:	Class_NotchWaferAlign::first edge position: 31.080600
2016/11/21	00:27:18.112	act:	Second find edge range: 24.080600 to 38.080600
2016/11/21	00:27:23.660	act:	Class_NotchWaferAlign::second edge position: 29.558600
2016/11/21	00:27:24.461	act:	Find notched 360 degree
2016/11/21	00:27:26.003	act:	Find notched 30 degree
2016/11/21	00:27:27.841	act:	Class_NotchWaferAlign::notched roate_ccw: 158.923677
2016/11/21	00:27:27.841	act:	Class_NotchWaferAlign::notched roate_cw: 154.923677
2016/11/21	00:27:31.571	act:	Class_NotchWaferAlign::notched first pos: 157.111079
2016/11/21	00:27:36.160	act:	Class_NotchWaferAlign::notched second pos: 155.593334
2016/11/21	00:27:36.161	act:	===================================END====================================================
2016/11/21	00:27:45.915	act:	User clicks the alignment button
2016/11/21	00:27:45.916	act:	CN: Class_FilmCheckExecutor, MN: ClearAction
2016/11/21	00:27:45.920	act:	CN: Class_FilmCheckExecutor, MN: StoreAction
2016/11/21	00:27:48.383	act:	First find edge
2016/11/21	00:27:48.434	act:	Class_NotchWaferAlign::first edge position: 30.680000
2016/11/21	00:27:48.434	act:	Second find edge range: 23.680000 to 37.680000
2016/11/21	00:27:53.959	act:	Class_NotchWaferAlign::second edge position: 29.712500
2016/11/21	00:27:54.780	act:	Find notched 360 degree
2016/11/21	00:27:56.400	act:	Find notched 30 degree
2016/11/21	00:27:57.539	act:	Class_NotchWaferAlign::notched roate_ccw: 158.727136
2016/11/21	00:27:57.539	act:	Class_NotchWaferAlign::notched roate_cw: 154.727136
2016/11/21	00:28:01.267	act:	Class_NotchWaferAlign::notched first pos: 157.209098
2016/11/21	00:28:05.858	act:	Class_NotchWaferAlign::notched second pos: 155.524746
2016/11/21	00:28:05.859	act:	===================================END====================================================
2016/11/21	00:28:15.456	act:	User clicks the Unload or Load button
2016/11/21	00:28:15.458	act:	CN: Class_FilmCheckExecutor, MN: ClearAction
2016/11/21	00:28:15.458	act:	CN: Class_FilmCheckExecutor, MN: StoreAction
2016/11/21	00:29:35.280	act:	User clicks the Select Rcp button
2016/11/21	00:29:42.320	act:	User clicks the Unload or Load button
2016/11/21	00:29:43.164	act:	CN: Class_FilmCheckExecutor, MN: ClearAction
2016/11/21	00:29:43.164	act:	CN: Class_FilmCheckExecutor, MN: StoreAction
2016/11/21	00:29:47.120	act:	User clicks the alignment button
2016/11/21	00:29:47.120	act:	CN: Class_FilmCheckExecutor, MN: ClearAction
2016/11/21	00:29:47.125	act:	CN: Class_FilmCheckExecutor, MN: StoreAction
2016/11/21	00:29:57.553	act:	First find edge
2016/11/21	00:29:57.604	act:	Class_NotchWaferAlign::first edge position: 82.615200
2016/11/21	00:29:57.604	act:	Second find edge range: 75.615200 to 89.615200
2016/11/21	00:30:03.053	act:	Class_NotchWaferAlign::second edge position: 79.920800
2016/11/21	00:30:03.894	act:	Find notched 360 degree
2016/11/21	00:30:05.393	act:	Find notched 30 degree
2016/11/21	00:30:06.836	act:	Class_NotchWaferAlign::notched roate_ccw: 151.602767
2016/11/21	00:30:06.837	act:	Class_NotchWaferAlign::notched roate_cw: 147.602767
2016/11/21	00:30:10.652	act:	Class_NotchWaferAlign::notched first pos: 150.373336
2016/11/21	00:30:15.252	act:	Class_NotchWaferAlign::notched second pos: 149.264438
2016/11/21	00:30:15.253	act:	===================================END====================================================
2016/11/21	00:30:23.448	act:	User clicks the alignment button
2016/11/21	00:30:23.449	act:	CN: Class_FilmCheckExecutor, MN: ClearAction
2016/11/21	00:30:23.453	act:	CN: Class_FilmCheckExecutor, MN: StoreAction
2016/11/21	00:30:26.353	act:	First find edge
2016/11/21	00:30:26.404	act:	Class_NotchWaferAlign::first edge position: 81.481000
2016/11/21	00:30:26.404	act:	Second find edge range: 74.481000 to 88.481000
2016/11/21	00:30:31.951	act:	Class_NotchWaferAlign::second edge position: 79.920600
2016/11/21	00:30:32.772	act:	Find notched 360 degree
2016/11/21	00:30:34.271	act:	Find notched 30 degree
2016/11/21	00:30:35.478	act:	Class_NotchWaferAlign::notched roate_ccw: 152.405702
2016/11/21	00:30:35.478	act:	Class_NotchWaferAlign::notched roate_cw: 148.405702
2016/11/21	00:30:39.251	act:	Class_NotchWaferAlign::notched first pos: 150.410733
2016/11/21	00:30:43.758	act:	Class_NotchWaferAlign::notched second pos: 149.280872
2016/11/21	00:30:43.759	act:	===================================END====================================================
2016/11/21	00:30:54.512	act:	User clicks the Unload or Load button
2016/11/21	00:30:54.512	act:	CN: Class_FilmCheckExecutor, MN: ClearAction
2016/11/21	00:30:54.513	act:	CN: Class_FilmCheckExecutor, MN: StoreAction
2016/11/21	00:41:45.217	act:	CSTILDevice::Connect Start
2016/11/21	00:41:45.250	act:	InitChrLib
2016/11/21	00:41:45.264	act:	DLL CHR V3.6.2.921
2016/11/21	00:41:45.265	act:	Open Sensor (please wait)
2016/11/21	00:41:45.274	act:	CSTILDevice::Connect End
2016/11/21	00:41:53.156	act:	CN: Class_FilmCheckExecutor, MN: StoreAction
2016/11/21	23:59:54.657	act:	CN: Class_FFTAlgorithmAction, MN: Execute, CD: WM_FFT_ACTION_RESULT
2016/11/21	23:59:57.849	act:	User clicks the 3D Mesh button